<?xml version="1.0" encoding="UTF-8"?>
<testsuite xmlns:xsi="http://www.w3.org/2001/XMLSchema-instance" xsi:noNamespaceSchemaLocation="https://maven.apache.org/surefire/maven-surefire-plugin/xsd/surefire-test-report.xsd" version="3.0.1" name="com.oceanview.service.ReservationServiceTest" time="0.12" tests="2" errors="0" skipped="0" failures="0">
  <properties>
[...]
</properties>
  <testcase name="testCreateReservation_InvalidDates" classname="com.oceanview.service.ReservationServiceTest" time="0.01">
    <system-out><![CDATA[Error: Check-out must be after check-in.
]]></system-out>
  </testcase>
  <testcase name="testCreateReservation_ValidDates" classname="com.oceanview.service.ReservationServiceTest" time="0.001"/>
</testsuite>